c:\users\abhijeet\documents\visual studio 2013\projects\newprograms\newprograms\debug\vc120.pdb
c:\users\abhijeet\documents\visual studio 2013\projects\newprograms\newprograms\debug\vc120.idb
c:\users\abhijeet\documents\visual studio 2013\projects\newprograms\newprograms\debug\remdups.obj
c:\users\abhijeet\documents\visual studio 2013\projects\newprograms\newprograms\debug\selsort.obj
c:\users\abhijeet\documents\visual studio 2013\projects\newprograms\newprograms\debug\tree.obj
c:\users\abhijeet\documents\visual studio 2013\projects\newprograms\newprograms\debug\binsort.obj
c:\users\abhijeet\documents\visual studio 2013\projects\newprograms\newprograms\debug\remvowels.obj
c:\users\abhijeet\documents\visual studio 2013\projects\newprograms\newprograms\debug\maxsubarray.obj
c:\users\abhijeet\documents\visual studio 2013\projects\newprograms\newprograms\debug\bintree.obj
c:\users\abhijeet\documents\visual studio 2013\projects\newprograms\newprograms\debug\arraypairsum.obj
c:\users\abhijeet\documents\visual studio 2013\projects\newprograms\newprograms\debug\levelorder.obj
c:\users\abhijeet\documents\visual studio 2013\projects\newprograms\newprograms\debug\lcancestor.obj
c:\users\abhijeet\documents\visual studio 2013\projects\newprograms\newprograms\debug\serialdeserial.obj
c:\users\abhijeet\documents\visual studio 2013\projects\newprograms\newprograms\debug\depthcpp.obj
c:\users\abhijeet\documents\visual studio 2013\projects\newprograms\newprograms\debug\reverse_linlist.obj
c:\users\abhijeet\documents\visual studio 2013\projects\newprograms\newprograms\debug\linkedlist_dup.obj
c:\users\abhijeet\documents\visual studio 2013\projects\newprograms\debug\newprograms.ilk
c:\users\abhijeet\documents\visual studio 2013\projects\newprograms\debug\newprograms.exe
c:\users\abhijeet\documents\visual studio 2013\projects\newprograms\debug\newprograms.pdb
c:\users\abhijeet\documents\visual studio 2013\projects\newprograms\newprograms\debug\newprograms.tlog\cl.command.1.tlog
c:\users\abhijeet\documents\visual studio 2013\projects\newprograms\newprograms\debug\newprograms.tlog\cl.read.1.tlog
c:\users\abhijeet\documents\visual studio 2013\projects\newprograms\newprograms\debug\newprograms.tlog\cl.write.1.tlog
c:\users\abhijeet\documents\visual studio 2013\projects\newprograms\newprograms\debug\newprograms.tlog\link.command.1.tlog
c:\users\abhijeet\documents\visual studio 2013\projects\newprograms\newprograms\debug\newprograms.tlog\link.read.1.tlog
c:\users\abhijeet\documents\visual studio 2013\projects\newprograms\newprograms\debug\newprograms.tlog\link.write.1.tlog
